<?xml version="1.0" encoding="UTF-8"?>
<!-- Generated by org.testng.reporters.JUnitXMLReporter -->
<testsuite ignored="0" hostname="LAPTOP-81VNI6QU" failures="0" tests="3" name="Default test" time="19.401" errors="0" timestamp="2023-07-05T21:19:59 IST">
  <testcase classname="com.tutorialsninja.qa.testcases.Login" name="verifyLoginWithInvalidCrendential" time="0.478"/>
  <testcase classname="com.tutorialsninja.qa.testcases.Login" name="verifyLoginWithValidEmailAndValidPassword" time="0.699"/>
  <testcase classname="com.tutorialsninja.qa.testcases.Login" name="verifyLoginWithNoEmailAndPassword" time="0.374"/>
</testsuite> <!-- Default test -->
