<?xml version="1.0" encoding="UTF-8"?>
<testng-results ignored="0" total="3" passed="3" failed="0" skipped="0">
  <reporter-output>
  </reporter-output>
  <suite started-at="2023-07-05T21:19:39 IST" name="Default suite" finished-at="2023-07-05T21:19:59 IST" duration-ms="19401">
    <groups>
    </groups>
    <test started-at="2023-07-05T21:19:39 IST" name="Default test" finished-at="2023-07-05T21:19:59 IST" duration-ms="19401">
      <class name="com.tutorialsninja.qa.testcases.Login">
        <test-method is-config="true" signature="setSite()[pri:0, instance:com.tutorialsninja.qa.testcases.Login@f78a47e]" started-at="2023-07-05T21:19:39 IST" name="setSite" finished-at="2023-07-05T21:19:46 IST" duration-ms="6522" status="PASS">
          <reporter-output>
          </reporter-output>
        </test-method> <!-- setSite -->
        <test-method signature="verifyLoginWithInvalidCrendential()[pri:1, instance:com.tutorialsninja.qa.testcases.Login@f78a47e]" started-at="2023-07-05T21:19:46 IST" name="verifyLoginWithInvalidCrendential" finished-at="2023-07-05T21:19:46 IST" duration-ms="478" status="PASS">
          <reporter-output>
          </reporter-output>
        </test-method> <!-- verifyLoginWithInvalidCrendential -->
        <test-method is-config="true" signature="quitBrowser()[pri:0, instance:com.tutorialsninja.qa.testcases.Login@f78a47e]" started-at="2023-07-05T21:19:46 IST" name="quitBrowser" finished-at="2023-07-05T21:19:47 IST" duration-ms="170" status="PASS">
          <reporter-output>
          </reporter-output>
        </test-method> <!-- quitBrowser -->
        <test-method is-config="true" signature="setSite()[pri:0, instance:com.tutorialsninja.qa.testcases.Login@f78a47e]" started-at="2023-07-05T21:19:47 IST" name="setSite" finished-at="2023-07-05T21:19:52 IST" duration-ms="5314" status="PASS">
          <reporter-output>
          </reporter-output>
        </test-method> <!-- setSite -->
        <test-method signature="verifyLoginWithValidEmailAndValidPassword()[pri:2, instance:com.tutorialsninja.qa.testcases.Login@f78a47e]" started-at="2023-07-05T21:19:52 IST" name="verifyLoginWithValidEmailAndValidPassword" finished-at="2023-07-05T21:19:53 IST" duration-ms="699" status="PASS">
          <reporter-output>
          </reporter-output>
        </test-method> <!-- verifyLoginWithValidEmailAndValidPassword -->
        <test-method is-config="true" signature="quitBrowser()[pri:0, instance:com.tutorialsninja.qa.testcases.Login@f78a47e]" started-at="2023-07-05T21:19:53 IST" name="quitBrowser" finished-at="2023-07-05T21:19:53 IST" duration-ms="157" status="PASS">
          <reporter-output>
          </reporter-output>
        </test-method> <!-- quitBrowser -->
        <test-method is-config="true" signature="setSite()[pri:0, instance:com.tutorialsninja.qa.testcases.Login@f78a47e]" started-at="2023-07-05T21:19:53 IST" name="setSite" finished-at="2023-07-05T21:19:58 IST" duration-ms="5459" status="PASS">
          <reporter-output>
          </reporter-output>
        </test-method> <!-- setSite -->
        <test-method signature="verifyLoginWithNoEmailAndPassword()[pri:3, instance:com.tutorialsninja.qa.testcases.Login@f78a47e]" started-at="2023-07-05T21:19:58 IST" name="verifyLoginWithNoEmailAndPassword" finished-at="2023-07-05T21:19:59 IST" duration-ms="374" status="PASS">
          <reporter-output>
          </reporter-output>
        </test-method> <!-- verifyLoginWithNoEmailAndPassword -->
        <test-method is-config="true" signature="quitBrowser()[pri:0, instance:com.tutorialsninja.qa.testcases.Login@f78a47e]" started-at="2023-07-05T21:19:59 IST" name="quitBrowser" finished-at="2023-07-05T21:19:59 IST" duration-ms="193" status="PASS">
          <reporter-output>
          </reporter-output>
        </test-method> <!-- quitBrowser -->
      </class> <!-- com.tutorialsninja.qa.testcases.Login -->
    </test> <!-- Default test -->
  </suite> <!-- Default suite -->
</testng-results>
